[MOCK SDK] Fivetran Connector SDK mocked successfully

==================================================
RUNNING FIVETRAN DEBUG WITH MOCK DATA
==================================================
Backed up existing configuration to /Users/karunveluru/oneteam/connections/csdk/newrelic-connector/configuration.json.backup
Created mock configuration at /Users/karunveluru/oneteam/connections/csdk/newrelic-connector/configuration.json
Patching connector to use mock API responses...
✓ Connector patched successfully

Starting connector debug...
------------------------------
==================================================
MOCK FIVETRAN DEBUG SESSION
==================================================

1. Generating schema...
   ✓ Schema generated with 5 tables
   - apm_data: 7 columns
   - infrastructure_data: 7 columns
   - browser_data: 8 columns
   - mobile_data: 8 columns
   - synthetic_data: 8 columns

2. Running update function...
[INFO] Starting New Relic Feature APIs connector sync
[INFO] Initial sync: fetching all available data (last 90 days)
[INFO] Fetching APM data...
[MOCK] NerdGraph API call to: https://api.newrelic.com/graphql
[UPSERT] apm_data: 1 records
[UPSERT] apm_data: 2 records
[UPSERT] apm_data: 3 records
[UPSERT] apm_data: 4 records
[UPSERT] apm_data: 5 records
[UPSERT] apm_data: 6 records
[UPSERT] apm_data: 7 records
[UPSERT] apm_data: 8 records
[UPSERT] apm_data: 9 records
[UPSERT] apm_data: 10 records
[UPSERT] apm_data: 11 records
[UPSERT] apm_data: 12 records
[UPSERT] apm_data: 13 records
[UPSERT] apm_data: 14 records
[UPSERT] apm_data: 15 records
[UPSERT] apm_data: 16 records
[UPSERT] apm_data: 17 records
[UPSERT] apm_data: 18 records
[UPSERT] apm_data: 19 records
[UPSERT] apm_data: 20 records
[UPSERT] apm_data: 21 records
[UPSERT] apm_data: 22 records
[UPSERT] apm_data: 23 records
[UPSERT] apm_data: 24 records
[UPSERT] apm_data: 25 records
[UPSERT] apm_data: 26 records
[UPSERT] apm_data: 27 records
[UPSERT] apm_data: 28 records
[UPSERT] apm_data: 29 records
[UPSERT] apm_data: 30 records
[UPSERT] apm_data: 31 records
[UPSERT] apm_data: 32 records
[UPSERT] apm_data: 33 records
[UPSERT] apm_data: 34 records
[UPSERT] apm_data: 35 records
[UPSERT] apm_data: 36 records
[UPSERT] apm_data: 37 records
[UPSERT] apm_data: 38 records
[UPSERT] apm_data: 39 records
[UPSERT] apm_data: 40 records
[UPSERT] apm_data: 41 records
[UPSERT] apm_data: 42 records
[UPSERT] apm_data: 43 records
[UPSERT] apm_data: 44 records
[UPSERT] apm_data: 45 records
[UPSERT] apm_data: 46 records
[UPSERT] apm_data: 47 records
[UPSERT] apm_data: 48 records
[UPSERT] apm_data: 49 records
[UPSERT] apm_data: 50 records
[INFO] Fetching Infrastructure data...
[MOCK] NerdGraph API call to: https://api.newrelic.com/graphql
[UPSERT] infrastructure_data: 1 records
[UPSERT] infrastructure_data: 2 records
[UPSERT] infrastructure_data: 3 records
[UPSERT] infrastructure_data: 4 records
[UPSERT] infrastructure_data: 5 records
[UPSERT] infrastructure_data: 6 records
[UPSERT] infrastructure_data: 7 records
[UPSERT] infrastructure_data: 8 records
[INFO] Fetching Browser monitoring data...
[MOCK] NerdGraph API call to: https://api.newrelic.com/graphql
[UPSERT] browser_data: 1 records
[UPSERT] browser_data: 2 records
[UPSERT] browser_data: 3 records
[UPSERT] browser_data: 4 records
[UPSERT] browser_data: 5 records
[UPSERT] browser_data: 6 records
[UPSERT] browser_data: 7 records
[UPSERT] browser_data: 8 records
[UPSERT] browser_data: 9 records
[UPSERT] browser_data: 10 records
[UPSERT] browser_data: 11 records
[UPSERT] browser_data: 12 records
[UPSERT] browser_data: 13 records
[UPSERT] browser_data: 14 records
[UPSERT] browser_data: 15 records
[UPSERT] browser_data: 16 records
[UPSERT] browser_data: 17 records
[UPSERT] browser_data: 18 records
[UPSERT] browser_data: 19 records
[UPSERT] browser_data: 20 records
[UPSERT] browser_data: 21 records
[UPSERT] browser_data: 22 records
[UPSERT] browser_data: 23 records
[UPSERT] browser_data: 24 records
[UPSERT] browser_data: 25 records
[UPSERT] browser_data: 26 records
[UPSERT] browser_data: 27 records
[UPSERT] browser_data: 28 records
[UPSERT] browser_data: 29 records
[UPSERT] browser_data: 30 records
[INFO] Fetching Mobile monitoring data...
[MOCK] NerdGraph API call to: https://api.newrelic.com/graphql
[UPSERT] mobile_data: 1 records
[UPSERT] mobile_data: 2 records
[UPSERT] mobile_data: 3 records
[UPSERT] mobile_data: 4 records
[UPSERT] mobile_data: 5 records
[UPSERT] mobile_data: 6 records
[UPSERT] mobile_data: 7 records
[UPSERT] mobile_data: 8 records
[UPSERT] mobile_data: 9 records
[UPSERT] mobile_data: 10 records
[UPSERT] mobile_data: 11 records
[UPSERT] mobile_data: 12 records
[UPSERT] mobile_data: 13 records
[UPSERT] mobile_data: 14 records
[UPSERT] mobile_data: 15 records
[UPSERT] mobile_data: 16 records
[UPSERT] mobile_data: 17 records
[UPSERT] mobile_data: 18 records
[UPSERT] mobile_data: 19 records
[UPSERT] mobile_data: 20 records
[UPSERT] mobile_data: 21 records
[UPSERT] mobile_data: 22 records
[UPSERT] mobile_data: 23 records
[UPSERT] mobile_data: 24 records
[UPSERT] mobile_data: 25 records
[INFO] Fetching Synthetic monitoring data...
[MOCK] NerdGraph API call to: https://api.newrelic.com/graphql
[UPSERT] synthetic_data: 1 records
[UPSERT] synthetic_data: 2 records
[UPSERT] synthetic_data: 3 records
[UPSERT] synthetic_data: 4 records
[UPSERT] synthetic_data: 5 records
[UPSERT] synthetic_data: 6 records
[UPSERT] synthetic_data: 7 records
[UPSERT] synthetic_data: 8 records
[UPSERT] synthetic_data: 9 records
[UPSERT] synthetic_data: 10 records
[UPSERT] synthetic_data: 11 records
[UPSERT] synthetic_data: 12 records
[UPSERT] synthetic_data: 13 records
[UPSERT] synthetic_data: 14 records
[UPSERT] synthetic_data: 15 records
[UPSERT] synthetic_data: 16 records
[UPSERT] synthetic_data: 17 records
[UPSERT] synthetic_data: 18 records
[UPSERT] synthetic_data: 19 records
[UPSERT] synthetic_data: 20 records
[CHECKPOINT] State updated: {'last_sync_time': '2025-09-02T07:32:59.229554'}
[INFO] New Relic Feature APIs connector sync completed successfully
   ✓ Update completed successfully

3. Sync Results:
   - apm_data: 50 records
   - infrastructure_data: 8 records
   - browser_data: 30 records
   - mobile_data: 25 records
   - synthetic_data: 20 records

   Total records synced: 133
   State checkpointed: {'last_sync_time': '2025-09-02T07:32:59.229554'}

==================================================
MOCK DEBUG SESSION COMPLETED
==================================================
------------------------------
✓ Debug completed successfully!

🎉 Mock debug completed successfully!
The NewRelic connector is working correctly with mock data.